2021-01-23 00:22:31.457 [34m INFO[0;39m [main] JDBC Connection...
2021-01-23 00:22:31.458 [34m INFO[0;39m [main] Spark Streaming & elasticsearch setting...
2021-01-23 00:22:43.934 [34m INFO[0;39m [main] Start Spark Streaming & elasticsearch
2021-01-23 02:46:58.460 [34m INFO[0;39m [main] JDBC Connection...
2021-01-23 02:46:58.460 [34m INFO[0;39m [main] Spark Streaming & elasticsearch setting...
2021-01-23 02:47:10.722 [34m INFO[0;39m [main] Start Spark Streaming & elasticsearch
2021-01-23 02:50:54.318 [34m INFO[0;39m [main] MariaDB Connection...
2021-01-23 02:50:54.377 [34m INFO[0;39m [main] Class: 
2021-01-23 02:52:58.768 [34m INFO[0;39m [main] MariaDB Connection...
2021-01-23 02:52:58.823 [34m INFO[0;39m [main] Class: 
2021-01-23 02:52:58.832 [34m INFO[0;39m [main] Spark Streaming & elasticsearch setting...
2021-01-23 02:53:10.692 [34m INFO[0;39m [main] Start Spark Streaming & elasticsearch
2021-01-23 02:54:10.370 [34m INFO[0;39m [main] MariaDB Connection...
2021-01-23 02:54:10.422 [34m INFO[0;39m [main] Connected. Database URL: 
2021-01-23 02:54:10.430 [34m INFO[0;39m [main] Spark Streaming & elasticsearch setting...
2021-01-23 02:54:22.196 [34m INFO[0;39m [main] Start Spark Streaming & elasticsearch
2021-01-23 02:57:56.847 [34m INFO[0;39m [main] MariaDB Connection...
2021-01-23 02:57:56.910 [34m INFO[0;39m [main] Connected. Database URL: 
2021-01-23 02:57:56.925 [34m INFO[0;39m [main] Spark Streaming & elasticsearch setting...
2021-01-23 03:01:54.275 [34m INFO[0;39m [main] MariaDB Connection...
2021-01-23 03:01:54.338 [34m INFO[0;39m [main] Connected. Database URL: jdbc:mariadb://localhost:3306/pest
2021-01-23 03:01:54.346 [34m INFO[0;39m [main] Spark Streaming & elasticsearch setting...
2021-01-23 03:02:06.403 [34m INFO[0;39m [main] Start Spark Streaming & elasticsearch
